<?xml version="1.0" encoding="utf-8"?><testsuites name="pytest tests"><testsuite name="pytest" errors="0" failures="3" skipped="0" tests="22" time="57.840" timestamp="2026-04-28T06:30:57.630131+00:00" hostname="agent-env-648ac12d-3b89-4fa1-ae3b-d55759f4d38b"><testcase classname="backend_test.TestHealth" name="test_health" time="0.228" /><testcase classname="backend_test.TestHealth" name="test_root" time="0.101" /><testcase classname="backend_test.TestAuth" name="test_google_with_bogus_credential_returns_401" time="0.155" /><testcase classname="backend_test.TestAuth" name="test_me_without_token_returns_401" time="0.161" /><testcase classname="backend_test.TestAuth" name="test_me_with_token" time="0.104" /><testcase classname="backend_test.TestAuth" name="test_logout" time="0.119" /><testcase classname="backend_test.TestGameState" name="test_get_initial_state" time="0.111" /><testcase classname="backend_test.TestGameState" name="test_save_and_persist_state" time="0.186" /><testcase classname="backend_test.TestPet" name="test_save_pet" time="0.103"><failure message="KeyError: 'name'">backend_test.py:86: in test_save_pet
    assert data["pet"]["name"] == "TEST_Buddy"
           ^^^^^^^^^^^^^^^^^^^
E   KeyError: 'name'</failure></testcase><testcase classname="backend_test.TestPet" name="test_get_pet_persisted" time="0.105"><failure message="AssertionError: assert None == 'TEST_Buddy'&#10; +  where None = &lt;built-in method get of dict object at 0xfd608b28fe00&gt;('name')&#10; +    where &lt;built-in method get of dict object at 0xfd608b28fe00&gt; = {'age_vibe': 'younger', 'bio': None, 'image_url': None, 'onboarding_complete': False, ...}.get">backend_test.py:93: in test_get_pet_persisted
    assert pet.get("name") == "TEST_Buddy"
E   AssertionError: assert None == 'TEST_Buddy'
E    +  where None = &lt;built-in method get of dict object at 0xfd608b28fe00&gt;('name')
E    +    where &lt;built-in method get of dict object at 0xfd608b28fe00&gt; = {'age_vibe': 'younger', 'bio': None, 'image_url': None, 'onboarding_complete': False, ...}.get</failure></testcase><testcase classname="backend_test.TestPet" name="test_pet_embedded_in_gamestate" time="0.110"><failure message="KeyError: 'name'">backend_test.py:100: in test_pet_embedded_in_gamestate
    assert state["pet_profile"]["name"] == "TEST_Buddy"
           ^^^^^^^^^^^^^^^^^^^^^^^^^^^^
E   KeyError: 'name'</failure></testcase><testcase classname="backend_test.TestChat" name="test_chat_no_messages" time="0.141" /><testcase classname="backend_test.TestChat" name="test_assistant_reply" time="1.498" /><testcase classname="backend_test.TestChat" name="test_archie_first_person" time="1.677" /><testcase classname="backend_test.TestChat" name="test_zeke_reply" time="4.253" /><testcase classname="backend_test.TestChat" name="test_bmo_reply" time="1.518" /><testcase classname="backend_test.TestChat" name="test_pet_mode_speaks_as_pet" time="2.495" /><testcase classname="backend_test.TestChat" name="test_chat_brevity" time="2.856" /><testcase classname="backend_test.TestChat" name="test_medical_topic_redirect" time="2.752" /><testcase classname="backend_test.TestStory" name="test_outline_10_chapters" time="0.102" /><testcase classname="backend_test.TestStory" name="test_chapter_generation" time="23.225" /><testcase classname="backend_test.TestImage" name="test_image_generate" time="15.750" /></testsuite></testsuites>