<?xml version="1.0" encoding="utf-8"?><testsuites name="pytest tests"><testsuite name="pytest" errors="0" failures="0" skipped="0" tests="46" time="71.246" timestamp="2026-04-28T08:24:22.624995+00:00" hostname="agent-env-648ac12d-3b89-4fa1-ae3b-d55759f4d38b"><testcase classname="test_round4_share" name="test_models_has_single_last_daily_greeting_at" time="0.000" /><testcase classname="test_round4_share" name="test_voice_content_type_block_removed" time="0.000" /><testcase classname="test_round4_share.TestShareCreate" name="test_create_requires_auth" time="0.170" /><testcase classname="test_round4_share.TestShareCreate" name="test_create_ok" time="0.142" /><testcase classname="test_round4_share.TestShareCreate" name="test_create_thumb_too_large_413" time="0.426" /><testcase classname="test_round4_share.TestShareGet" name="test_public_get_no_auth" time="0.109" /><testcase classname="test_round4_share.TestShareGet" name="test_public_get_increments_views" time="0.155" /><testcase classname="test_round4_share.TestShareGet" name="test_public_get_404_not_found" time="0.100" /><testcase classname="test_round4_share.TestShareList" name="test_list_requires_auth" time="0.133" /><testcase classname="test_round4_share.TestShareList" name="test_list_returns_my_shares_without_thumb" time="0.107" /><testcase classname="test_round4_share.TestShareDelete" name="test_delete_requires_auth" time="0.101" /><testcase classname="test_round4_share.TestShareDelete" name="test_delete_404_for_unknown" time="0.101" /><testcase classname="test_round4_share.TestShareDelete" name="test_delete_owner_ok_and_gone" time="0.145" /><testcase classname="test_round4_share" name="test_cap_logic_exists_in_source" time="0.000" /><testcase classname="backend_test.TestHealth" name="test_health" time="0.103" /><testcase classname="backend_test.TestHealth" name="test_root" time="0.100" /><testcase classname="backend_test.TestAuth" name="test_google_with_bogus_credential_returns_401" time="0.228" /><testcase classname="backend_test.TestAuth" name="test_me_without_token_returns_401" time="0.098" /><testcase classname="backend_test.TestAuth" name="test_me_with_token" time="0.103" /><testcase classname="backend_test.TestAuth" name="test_logout" time="0.098" /><testcase classname="backend_test.TestGameState" name="test_get_initial_state" time="0.115" /><testcase classname="backend_test.TestGameState" name="test_save_and_persist_state" time="0.149" /><testcase classname="backend_test.TestPet" name="test_save_pet" time="0.104" /><testcase classname="backend_test.TestPet" name="test_get_pet_persisted" time="0.104" /><testcase classname="backend_test.TestPet" name="test_pet_embedded_in_gamestate" time="0.109" /><testcase classname="backend_test.TestChat" name="test_chat_no_messages" time="0.103" /><testcase classname="backend_test.TestChat" name="test_assistant_reply" time="3.598" /><testcase classname="backend_test.TestChat" name="test_archie_first_person" time="1.834" /><testcase classname="backend_test.TestChat" name="test_zeke_reply" time="1.604" /><testcase classname="backend_test.TestChat" name="test_bmo_reply" time="1.386" /><testcase classname="backend_test.TestChat" name="test_pet_mode_speaks_as_pet" time="1.938" /><testcase classname="backend_test.TestChat" name="test_chat_brevity" time="1.939" /><testcase classname="backend_test.TestChat" name="test_medical_topic_redirect" time="1.472" /><testcase classname="backend_test.TestStory" name="test_outline_10_chapters" time="0.100" /><testcase classname="backend_test.TestStory" name="test_chapter_generation" time="28.529" /><testcase classname="backend_test.TestImage" name="test_image_generate" time="16.182" /><testcase classname="test_round3.TestDailyGreeting" name="test_requires_auth" time="0.127" /><testcase classname="test_round3.TestDailyGreeting" name="test_greeting_first_call_fresh" time="1.779" /><testcase classname="test_round3.TestDailyGreeting" name="test_greeting_second_call_cached" time="0.101" /><testcase classname="test_round3.TestDailyGreeting" name="test_greeting_force_regenerates" time="1.114" /><testcase classname="test_round3.TestVoiceTranscribe" name="test_requires_auth" time="0.121" /><testcase classname="test_round3.TestVoiceTranscribe" name="test_empty_body_400" time="0.110" /><testcase classname="test_round3.TestVoiceTranscribe" name="test_silent_wav_returns_string" time="2.079" /><testcase classname="test_round3.TestGameStateRound3Fields" name="test_postcards_and_greeting_persist" time="0.177" /><testcase classname="test_round3.TestRealLoreChat" name="test_archie_lore_boston_or_lynne" time="1.520" /><testcase classname="test_round3.TestRealLoreChat" name="test_zeke_lore_frenchton_or_mike" time="2.332" /></testsuite></testsuites>