<?xml version="1.0" encoding="utf-8"?><testsuites name="pytest tests"><testsuite name="pytest" errors="0" failures="0" skipped="0" tests="10" time="12.614" timestamp="2026-04-28T08:08:10.113948+00:00" hostname="agent-env-648ac12d-3b89-4fa1-ae3b-d55759f4d38b"><testcase classname="test_round3.TestDailyGreeting" name="test_requires_auth" time="0.172" /><testcase classname="test_round3.TestDailyGreeting" name="test_greeting_first_call_fresh" time="2.882" /><testcase classname="test_round3.TestDailyGreeting" name="test_greeting_second_call_cached" time="0.104" /><testcase classname="test_round3.TestDailyGreeting" name="test_greeting_force_regenerates" time="2.146" /><testcase classname="test_round3.TestVoiceTranscribe" name="test_requires_auth" time="0.123" /><testcase classname="test_round3.TestVoiceTranscribe" name="test_empty_body_400" time="0.143" /><testcase classname="test_round3.TestVoiceTranscribe" name="test_silent_wav_returns_string" time="2.064" /><testcase classname="test_round3.TestGameStateRound3Fields" name="test_postcards_and_greeting_persist" time="0.199" /><testcase classname="test_round3.TestRealLoreChat" name="test_archie_lore_boston_or_lynne" time="2.546" /><testcase classname="test_round3.TestRealLoreChat" name="test_zeke_lore_frenchton_or_mike" time="2.191" /></testsuite></testsuites>